Flow report for DE1_SoC_CAMERA
Tue Jan 10 13:21:29 2023
Quartus II 64-Bit Version 13.1.0 Build 162 10/23/2013 SJ Full Version


---------------------
; Table of Contents ;
---------------------
  1. Legal Notice
  2. Flow Summary
  3. Flow Settings
  4. Flow Non-Default Global Settings
  5. Flow Elapsed Time
  6. Flow OS Summary
  7. Flow Log
  8. Flow Messages
  9. Flow Suppressed Messages



----------------
; Legal Notice ;
----------------
Copyright (C) 1991-2013 Altera Corporation
Your use of Altera Corporation's design tools, logic functions 
and other software and tools, and its AMPP partner logic 
functions, and any output files from any of the foregoing 
(including device programming or simulation files), and any 
associated documentation or information are expressly subject 
to the terms and conditions of the Altera Program License 
Subscription Agreement, Altera MegaCore Function License 
Agreement, or other applicable license agreement, including, 
without limitation, that your use is for the sole purpose of 
programming logic devices manufactured by Altera and sold by 
Altera or its authorized distributors.  Please refer to the 
applicable agreement for further details.



+-------------------------------------------------------------------------------+
; Flow Summary                                                                  ;
+---------------------------------+---------------------------------------------+
; Flow Status                     ; Successful - Tue Jan 10 13:21:07 2023       ;
; Quartus II 64-Bit Version       ; 13.1.0 Build 162 10/23/2013 SJ Full Version ;
; Revision Name                   ; DE1_SoC_CAMERA                              ;
; Top-level Entity Name           ; DE1_SoC_CAMERA                              ;
; Family                          ; Cyclone V                                   ;
; Device                          ; 5CSEMA5F31C6                                ;
; Timing Models                   ; Preliminary                                 ;
; Logic utilization (in ALMs)     ; 818 / 32,070 ( 3 % )                        ;
; Total registers                 ; 1267                                        ;
; Total pins                      ; 226 / 457 ( 49 % )                          ;
; Total virtual pins              ; 0                                           ;
; Total block memory bits         ; 59,344 / 4,065,280 ( 1 % )                  ;
; Total DSP Blocks                ; 0 / 87 ( 0 % )                              ;
; Total HSSI RX PCSs              ; 0                                           ;
; Total HSSI PMA RX Deserializers ; 0                                           ;
; Total HSSI TX PCSs              ; 0                                           ;
; Total HSSI TX Channels          ; 0                                           ;
; Total PLLs                      ; 1 / 6 ( 17 % )                              ;
; Total DLLs                      ; 0 / 4 ( 0 % )                               ;
+---------------------------------+---------------------------------------------+


+-----------------------------------------+
; Flow Settings                           ;
+-------------------+---------------------+
; Option            ; Setting             ;
+-------------------+---------------------+
; Start date & time ; 01/10/2023 13:19:29 ;
; Main task         ; Compilation         ;
; Revision Name     ; DE1_SoC_CAMERA      ;
+-------------------+---------------------+


+--------------------------------------------------------------------------------------------------------------------+
; Flow Non-Default Global Settings                                                                                   ;
+-------------------------------------+--------------------------------+---------------+----------------+------------+
; Assignment Name                     ; Value                          ; Default Value ; Entity Name    ; Section Id ;
+-------------------------------------+--------------------------------+---------------+----------------+------------+
; COMPILER_SIGNATURE_ID               ; 44225929319526.167332796923844 ; --            ; --             ; --         ;
; IP_TOOL_ENV                         ; mwpim                          ; --            ; sdram_pll      ; --         ;
; IP_TOOL_ENV                         ; mwpim                          ; --            ; sdram_pll      ; --         ;
; IP_TOOL_ENV                         ; mwpim                          ; --            ; sdram_pll_0002 ; --         ;
; IP_TOOL_NAME                        ; Shift register (RAM-based)     ; --            ; --             ; --         ;
; IP_TOOL_NAME                        ; FIFO                           ; --            ; --             ; --         ;
; IP_TOOL_NAME                        ; FIFO                           ; --            ; --             ; --         ;
; IP_TOOL_NAME                        ; altera_pll                     ; --            ; sdram_pll      ; --         ;
; IP_TOOL_NAME                        ; altera_pll                     ; --            ; sdram_pll      ; --         ;
; IP_TOOL_NAME                        ; altera_pll                     ; --            ; sdram_pll_0002 ; --         ;
; IP_TOOL_VERSION                     ; 13.1                           ; --            ; --             ; --         ;
; IP_TOOL_VERSION                     ; 13.1                           ; --            ; --             ; --         ;
; IP_TOOL_VERSION                     ; 13.1                           ; --            ; --             ; --         ;
; IP_TOOL_VERSION                     ; 13.1                           ; --            ; sdram_pll      ; --         ;
; IP_TOOL_VERSION                     ; 13.1                           ; --            ; sdram_pll      ; --         ;
; IP_TOOL_VERSION                     ; 13.1                           ; --            ; sdram_pll_0002 ; --         ;
; MAX_CORE_JUNCTION_TEMP              ; 85                             ; --            ; --             ; --         ;
; MIN_CORE_JUNCTION_TEMP              ; 0                              ; --            ; --             ; --         ;
; MISC_FILE                           ; v/sdram_pll.cmp                ; --            ; --             ; --         ;
; MISC_FILE                           ; v/sdram_pll_sim/sdram_pll.vo   ; --            ; --             ; --         ;
; MISC_FILE                           ; v/Line_Buffer1.bsf             ; --            ; --             ; --         ;
; PARTITION_COLOR                     ; 16764057                       ; --            ; --             ; Top        ;
; PARTITION_FITTER_PRESERVATION_LEVEL ; PLACEMENT_AND_ROUTING          ; --            ; --             ; Top        ;
; PARTITION_NETLIST_TYPE              ; SOURCE                         ; --            ; --             ; Top        ;
; SPD_FILE                            ; v/sdram_pll.spd                ; --            ; --             ; --         ;
; SYNTHESIS_ONLY_QIP                  ; On                             ; --            ; --             ; --         ;
+-------------------------------------+--------------------------------+---------------+----------------+------------+


+-------------------------------------------------------------------------------------------------------------------------------+
; Flow Elapsed Time                                                                                                             ;
+---------------------------+--------------+-------------------------+---------------------+------------------------------------+
; Module Name               ; Elapsed Time ; Average Processors Used ; Peak Virtual Memory ; Total CPU Time (on all processors) ;
+---------------------------+--------------+-------------------------+---------------------+------------------------------------+
; Analysis & Synthesis      ; 00:00:15     ; 1.0                     ; 4725 MB             ; 00:00:06                           ;
; Fitter                    ; 00:01:05     ; 1.7                     ; 6259 MB             ; 00:01:18                           ;
; Assembler                 ; 00:00:20     ; 1.0                     ; 4774 MB             ; 00:00:10                           ;
; TimeQuest Timing Analyzer ; 00:00:21     ; 1.5                     ; 5051 MB             ; 00:00:17                           ;
; Total                     ; 00:02:01     ; --                      ; --                  ; 00:01:51                           ;
+---------------------------+--------------+-------------------------+---------------------+------------------------------------+


+----------------------------------------------------------------------------------------+
; Flow OS Summary                                                                        ;
+---------------------------+------------------+-----------+------------+----------------+
; Module Name               ; Machine Hostname ; OS Name   ; OS Version ; Processor type ;
+---------------------------+------------------+-----------+------------+----------------+
; Analysis & Synthesis      ; LAPTOP-EH6VK48C  ; Windows 7 ; 6.2        ; x86_64         ;
; Fitter                    ; LAPTOP-EH6VK48C  ; Windows 7 ; 6.2        ; x86_64         ;
; Assembler                 ; LAPTOP-EH6VK48C  ; Windows 7 ; 6.2        ; x86_64         ;
; TimeQuest Timing Analyzer ; LAPTOP-EH6VK48C  ; Windows 7 ; 6.2        ; x86_64         ;
+---------------------------+------------------+-----------+------------+----------------+


------------
; Flow Log ;
------------
quartus_map --read_settings_files=on --write_settings_files=off DE1_SoC_CAMERA -c DE1_SoC_CAMERA
quartus_fit --read_settings_files=off --write_settings_files=off DE1_SoC_CAMERA -c DE1_SoC_CAMERA
quartus_asm --read_settings_files=off --write_settings_files=off DE1_SoC_CAMERA -c DE1_SoC_CAMERA
quartus_sta DE1_SoC_CAMERA -c DE1_SoC_CAMERA



